[INFO] [2017-12-29 17:26:51][org.springframework.test.context.support.DefaultTestContextBootstrapper]Loaded default TestExecutionListener class names from location [META-INF/spring.factories]: [org.springframework.test.context.web.ServletTestExecutionListener, org.springframework.test.context.support.DirtiesContextBeforeModesTestExecutionListener, org.springframework.test.context.support.DependencyInjectionTestExecutionListener, org.springframework.test.context.support.DirtiesContextTestExecutionListener, org.springframework.test.context.transaction.TransactionalTestExecutionListener, org.springframework.test.context.jdbc.SqlScriptsTestExecutionListener]
[INFO] [2017-12-29 17:26:51][org.springframework.test.context.support.DefaultTestContextBootstrapper]Using TestExecutionListeners: [org.springframework.test.context.web.ServletTestExecutionListener@2344fc66, org.springframework.test.context.support.DirtiesContextBeforeModesTestExecutionListener@458ad742, org.springframework.test.context.support.DependencyInjectionTestExecutionListener@5afa04c, org.springframework.test.context.support.DirtiesContextTestExecutionListener@6ea12c19, org.springframework.test.context.transaction.TransactionalTestExecutionListener@6a024a67, org.springframework.test.context.jdbc.SqlScriptsTestExecutionListener@7921b0a2]
[INFO] [2017-12-29 17:26:52][org.springframework.beans.factory.xml.XmlBeanDefinitionReader]Loading XML bean definitions from class path resource [spring-mybatis.xml]
[INFO] [2017-12-29 17:26:52][org.springframework.context.support.GenericApplicationContext]Refreshing org.springframework.context.support.GenericApplicationContext@6a41eaa2: startup date [Fri Dec 29 17:26:52 CST 2017]; root of context hierarchy
[INFO] [2017-12-29 17:26:53][com.alibaba.druid.pool.DruidDataSource]{dataSource-1} inited
[INFO] [2017-12-29 17:26:54][com.stanley.test.TestMyBatis]
[INFO] [2017-12-29 17:26:54][org.springframework.context.support.GenericApplicationContext]Closing org.springframework.context.support.GenericApplicationContext@6a41eaa2: startup date [Fri Dec 29 17:26:52 CST 2017]; root of context hierarchy
[INFO] [2017-12-29 17:26:54][com.alibaba.druid.pool.DruidDataSource]{dataSource-1} closed
[INFO] [2017-12-29 17:31:40][org.springframework.test.context.support.DefaultTestContextBootstrapper]Loaded default TestExecutionListener class names from location [META-INF/spring.factories]: [org.springframework.test.context.web.ServletTestExecutionListener, org.springframework.test.context.support.DirtiesContextBeforeModesTestExecutionListener, org.springframework.test.context.support.DependencyInjectionTestExecutionListener, org.springframework.test.context.support.DirtiesContextTestExecutionListener, org.springframework.test.context.transaction.TransactionalTestExecutionListener, org.springframework.test.context.jdbc.SqlScriptsTestExecutionListener]
[INFO] [2017-12-29 17:31:40][org.springframework.test.context.support.DefaultTestContextBootstrapper]Using TestExecutionListeners: [org.springframework.test.context.web.ServletTestExecutionListener@2344fc66, org.springframework.test.context.support.DirtiesContextBeforeModesTestExecutionListener@458ad742, org.springframework.test.context.support.DependencyInjectionTestExecutionListener@5afa04c, org.springframework.test.context.support.DirtiesContextTestExecutionListener@6ea12c19, org.springframework.test.context.transaction.TransactionalTestExecutionListener@6a024a67, org.springframework.test.context.jdbc.SqlScriptsTestExecutionListener@7921b0a2]
[INFO] [2017-12-29 17:31:40][org.springframework.beans.factory.xml.XmlBeanDefinitionReader]Loading XML bean definitions from class path resource [spring-mybatis.xml]
[INFO] [2017-12-29 17:31:40][org.springframework.context.support.GenericApplicationContext]Refreshing org.springframework.context.support.GenericApplicationContext@6a41eaa2: startup date [Fri Dec 29 17:31:40 CST 2017]; root of context hierarchy
[INFO] [2017-12-29 17:31:41][com.alibaba.druid.pool.DruidDataSource]{dataSource-1} inited
[INFO] [2017-12-29 17:31:42][com.stanley.test.TestMyBatis]com.stanley.model.User@7e3181aa
[INFO] [2017-12-29 17:31:42][org.springframework.context.support.GenericApplicationContext]Closing org.springframework.context.support.GenericApplicationContext@6a41eaa2: startup date [Fri Dec 29 17:31:40 CST 2017]; root of context hierarchy
[INFO] [2017-12-29 17:31:42][com.alibaba.druid.pool.DruidDataSource]{dataSource-1} closed
[INFO] [2017-12-29 17:32:16][org.springframework.test.context.support.DefaultTestContextBootstrapper]Loaded default TestExecutionListener class names from location [META-INF/spring.factories]: [org.springframework.test.context.web.ServletTestExecutionListener, org.springframework.test.context.support.DirtiesContextBeforeModesTestExecutionListener, org.springframework.test.context.support.DependencyInjectionTestExecutionListener, org.springframework.test.context.support.DirtiesContextTestExecutionListener, org.springframework.test.context.transaction.TransactionalTestExecutionListener, org.springframework.test.context.jdbc.SqlScriptsTestExecutionListener]
[INFO] [2017-12-29 17:32:17][org.springframework.test.context.support.DefaultTestContextBootstrapper]Using TestExecutionListeners: [org.springframework.test.context.web.ServletTestExecutionListener@2344fc66, org.springframework.test.context.support.DirtiesContextBeforeModesTestExecutionListener@458ad742, org.springframework.test.context.support.DependencyInjectionTestExecutionListener@5afa04c, org.springframework.test.context.support.DirtiesContextTestExecutionListener@6ea12c19, org.springframework.test.context.transaction.TransactionalTestExecutionListener@6a024a67, org.springframework.test.context.jdbc.SqlScriptsTestExecutionListener@7921b0a2]
[INFO] [2017-12-29 17:32:17][org.springframework.beans.factory.xml.XmlBeanDefinitionReader]Loading XML bean definitions from class path resource [spring-mybatis.xml]
[INFO] [2017-12-29 17:32:17][org.springframework.context.support.GenericApplicationContext]Refreshing org.springframework.context.support.GenericApplicationContext@6a41eaa2: startup date [Fri Dec 29 17:32:17 CST 2017]; root of context hierarchy
[INFO] [2017-12-29 17:32:17][com.alibaba.druid.pool.DruidDataSource]{dataSource-1} inited
[INFO] [2017-12-29 17:32:19][com.stanley.test.TestMyBatis]白虎神皇xdp
[INFO] [2017-12-29 17:32:19][org.springframework.context.support.GenericApplicationContext]Closing org.springframework.context.support.GenericApplicationContext@6a41eaa2: startup date [Fri Dec 29 17:32:17 CST 2017]; root of context hierarchy
[INFO] [2017-12-29 17:32:19][com.alibaba.druid.pool.DruidDataSource]{dataSource-1} closed
[INFO] [2018-01-08 15:55:53][org.springframework.context.support.ClassPathXmlApplicationContext]Refreshing org.springframework.context.support.ClassPathXmlApplicationContext@3ecf72fd: startup date [Mon Jan 08 15:55:53 CST 2018]; root of context hierarchy
[INFO] [2018-01-08 15:55:53][org.springframework.beans.factory.xml.XmlBeanDefinitionReader]Loading XML bean definitions from class path resource [applicationContext.xml]
[INFO] [2018-01-08 15:57:15][org.springframework.test.context.support.DefaultTestContextBootstrapper]Loaded default TestExecutionListener class names from location [META-INF/spring.factories]: [org.springframework.test.context.web.ServletTestExecutionListener, org.springframework.test.context.support.DirtiesContextBeforeModesTestExecutionListener, org.springframework.test.context.support.DependencyInjectionTestExecutionListener, org.springframework.test.context.support.DirtiesContextTestExecutionListener, org.springframework.test.context.transaction.TransactionalTestExecutionListener, org.springframework.test.context.jdbc.SqlScriptsTestExecutionListener]
[INFO] [2018-01-08 15:57:15][org.springframework.test.context.support.DefaultTestContextBootstrapper]Using TestExecutionListeners: [org.springframework.test.context.web.ServletTestExecutionListener@7921b0a2, org.springframework.test.context.support.DirtiesContextBeforeModesTestExecutionListener@174d20a, org.springframework.test.context.support.DependencyInjectionTestExecutionListener@66d2e7d9, org.springframework.test.context.support.DirtiesContextTestExecutionListener@1efbd816, org.springframework.test.context.transaction.TransactionalTestExecutionListener@6a2bcfcb, org.springframework.test.context.jdbc.SqlScriptsTestExecutionListener@4de8b406]
[INFO] [2018-01-08 15:57:15][org.springframework.beans.factory.xml.XmlBeanDefinitionReader]Loading XML bean definitions from class path resource [applicationContext.xml]
[ERROR] [2018-01-08 15:57:15][org.springframework.test.context.TestContextManager]Caught exception while allowing TestExecutionListener [org.springframework.test.context.support.DependencyInjectionTestExecutionListener@66d2e7d9] to prepare test instance [com.stanley.test.MyBatisTestBySpringTestFramework@6c49835d]
java.lang.IllegalStateException: Failed to load ApplicationContext
	at org.springframework.test.context.cache.DefaultCacheAwareContextLoaderDelegate.loadContext(DefaultCacheAwareContextLoaderDelegate.java:124)
	at org.springframework.test.context.support.DefaultTestContext.getApplicationContext(DefaultTestContext.java:83)
	at org.springframework.test.context.support.DependencyInjectionTestExecutionListener.injectDependencies(DependencyInjectionTestExecutionListener.java:117)
	at org.springframework.test.context.support.DependencyInjectionTestExecutionListener.prepareTestInstance(DependencyInjectionTestExecutionListener.java:83)
	at org.springframework.test.context.TestContextManager.prepareTestInstance(TestContextManager.java:230)
	at org.springframework.test.context.junit4.SpringJUnit4ClassRunner.createTest(SpringJUnit4ClassRunner.java:228)
	at org.springframework.test.context.junit4.SpringJUnit4ClassRunner$1.runReflectiveCall(SpringJUnit4ClassRunner.java:287)
	at org.junit.internal.runners.model.ReflectiveCallable.run(ReflectiveCallable.java:12)
	at org.springframework.test.context.junit4.SpringJUnit4ClassRunner.methodBlock(SpringJUnit4ClassRunner.java:289)
	at org.springframework.test.context.junit4.SpringJUnit4ClassRunner.runChild(SpringJUnit4ClassRunner.java:247)
	at org.springframework.test.context.junit4.SpringJUnit4ClassRunner.runChild(SpringJUnit4ClassRunner.java:94)
	at org.junit.runners.ParentRunner$3.run(ParentRunner.java:290)
	at org.junit.runners.ParentRunner$1.schedule(ParentRunner.java:71)
	at org.junit.runners.ParentRunner.runChildren(ParentRunner.java:288)
	at org.junit.runners.ParentRunner.access$000(ParentRunner.java:58)
	at org.junit.runners.ParentRunner$2.evaluate(ParentRunner.java:268)
	at org.springframework.test.context.junit4.statements.RunBeforeTestClassCallbacks.evaluate(RunBeforeTestClassCallbacks.java:61)
	at org.springframework.test.context.junit4.statements.RunAfterTestClassCallbacks.evaluate(RunAfterTestClassCallbacks.java:70)
	at org.junit.runners.ParentRunner.run(ParentRunner.java:363)
	at org.springframework.test.context.junit4.SpringJUnit4ClassRunner.run(SpringJUnit4ClassRunner.java:191)
	at org.eclipse.jdt.internal.junit4.runner.JUnit4TestReference.run(JUnit4TestReference.java:86)
	at org.eclipse.jdt.internal.junit.runner.TestExecution.run(TestExecution.java:38)
	at org.eclipse.jdt.internal.junit.runner.RemoteTestRunner.runTests(RemoteTestRunner.java:459)
	at org.eclipse.jdt.internal.junit.runner.RemoteTestRunner.runTests(RemoteTestRunner.java:678)
	at org.eclipse.jdt.internal.junit.runner.RemoteTestRunner.run(RemoteTestRunner.java:382)
	at org.eclipse.jdt.internal.junit.runner.RemoteTestRunner.main(RemoteTestRunner.java:192)
Caused by: org.springframework.beans.factory.BeanDefinitionStoreException: IOException parsing XML document from class path resource [applicationContext.xml]; nested exception is java.io.FileNotFoundException: class path resource [applicationContext.xml] cannot be opened because it does not exist
	at org.springframework.beans.factory.xml.XmlBeanDefinitionReader.loadBeanDefinitions(XmlBeanDefinitionReader.java:344)
	at org.springframework.beans.factory.xml.XmlBeanDefinitionReader.loadBeanDefinitions(XmlBeanDefinitionReader.java:304)
	at org.springframework.beans.factory.support.AbstractBeanDefinitionReader.loadBeanDefinitions(AbstractBeanDefinitionReader.java:181)
	at org.springframework.beans.factory.support.AbstractBeanDefinitionReader.loadBeanDefinitions(AbstractBeanDefinitionReader.java:217)
	at org.springframework.beans.factory.support.AbstractBeanDefinitionReader.loadBeanDefinitions(AbstractBeanDefinitionReader.java:188)
	at org.springframework.beans.factory.support.AbstractBeanDefinitionReader.loadBeanDefinitions(AbstractBeanDefinitionReader.java:252)
	at org.springframework.test.context.support.AbstractGenericContextLoader.loadBeanDefinitions(AbstractGenericContextLoader.java:257)
	at org.springframework.test.context.support.AbstractGenericContextLoader.loadContext(AbstractGenericContextLoader.java:124)
	at org.springframework.test.context.support.AbstractGenericContextLoader.loadContext(AbstractGenericContextLoader.java:60)
	at org.springframework.test.context.support.AbstractDelegatingSmartContextLoader.delegateLoading(AbstractDelegatingSmartContextLoader.java:108)
	at org.springframework.test.context.support.AbstractDelegatingSmartContextLoader.loadContext(AbstractDelegatingSmartContextLoader.java:251)
	at org.springframework.test.context.cache.DefaultCacheAwareContextLoaderDelegate.loadContextInternal(DefaultCacheAwareContextLoaderDelegate.java:98)
	at org.springframework.test.context.cache.DefaultCacheAwareContextLoaderDelegate.loadContext(DefaultCacheAwareContextLoaderDelegate.java:116)
	... 25 more
Caused by: java.io.FileNotFoundException: class path resource [applicationContext.xml] cannot be opened because it does not exist
	at org.springframework.core.io.ClassPathResource.getInputStream(ClassPathResource.java:172)
	at org.springframework.beans.factory.xml.XmlBeanDefinitionReader.loadBeanDefinitions(XmlBeanDefinitionReader.java:330)
	... 37 more
[INFO] [2018-01-08 15:57:55][org.springframework.test.context.support.DefaultTestContextBootstrapper]Loaded default TestExecutionListener class names from location [META-INF/spring.factories]: [org.springframework.test.context.web.ServletTestExecutionListener, org.springframework.test.context.support.DirtiesContextBeforeModesTestExecutionListener, org.springframework.test.context.support.DependencyInjectionTestExecutionListener, org.springframework.test.context.support.DirtiesContextTestExecutionListener, org.springframework.test.context.transaction.TransactionalTestExecutionListener, org.springframework.test.context.jdbc.SqlScriptsTestExecutionListener]
[INFO] [2018-01-08 15:57:55][org.springframework.test.context.support.DefaultTestContextBootstrapper]Using TestExecutionListeners: [org.springframework.test.context.web.ServletTestExecutionListener@6a024a67, org.springframework.test.context.support.DirtiesContextBeforeModesTestExecutionListener@7921b0a2, org.springframework.test.context.support.DependencyInjectionTestExecutionListener@174d20a, org.springframework.test.context.support.DirtiesContextTestExecutionListener@66d2e7d9, org.springframework.test.context.transaction.TransactionalTestExecutionListener@1efbd816, org.springframework.test.context.jdbc.SqlScriptsTestExecutionListener@6a2bcfcb]
[INFO] [2018-01-08 15:57:55][org.springframework.beans.factory.xml.XmlBeanDefinitionReader]Loading XML bean definitions from class path resource [spring-mybatis.xml]
[INFO] [2018-01-08 15:57:55][org.springframework.context.support.GenericApplicationContext]Refreshing org.springframework.context.support.GenericApplicationContext@5622fdf: startup date [Mon Jan 08 15:57:55 CST 2018]; root of context hierarchy
[INFO] [2018-01-08 15:57:56][com.alibaba.druid.pool.DruidDataSource]{dataSource-1} inited
[INFO] [2018-01-08 15:57:57][com.stanley.test.TestMyBatis]白虎神皇xdp
[INFO] [2018-01-08 15:57:57][org.springframework.context.support.GenericApplicationContext]Closing org.springframework.context.support.GenericApplicationContext@5622fdf: startup date [Mon Jan 08 15:57:55 CST 2018]; root of context hierarchy
[INFO] [2018-01-08 15:57:57][com.alibaba.druid.pool.DruidDataSource]{dataSource-1} closed
[INFO] [2018-01-08 15:58:19][org.springframework.context.support.ClassPathXmlApplicationContext]Refreshing org.springframework.context.support.ClassPathXmlApplicationContext@3ecf72fd: startup date [Mon Jan 08 15:58:19 CST 2018]; root of context hierarchy
[INFO] [2018-01-08 15:58:19][org.springframework.beans.factory.xml.XmlBeanDefinitionReader]Loading XML bean definitions from class path resource [spring-mybatis.xml]
[INFO] [2018-01-08 15:58:20][com.alibaba.druid.pool.DruidDataSource]{dataSource-1} inited
[INFO] [2018-01-08 15:58:27][org.springframework.test.context.support.DefaultTestContextBootstrapper]Loaded default TestExecutionListener class names from location [META-INF/spring.factories]: [org.springframework.test.context.web.ServletTestExecutionListener, org.springframework.test.context.support.DirtiesContextBeforeModesTestExecutionListener, org.springframework.test.context.support.DependencyInjectionTestExecutionListener, org.springframework.test.context.support.DirtiesContextTestExecutionListener, org.springframework.test.context.transaction.TransactionalTestExecutionListener, org.springframework.test.context.jdbc.SqlScriptsTestExecutionListener]
[INFO] [2018-01-08 15:58:27][org.springframework.test.context.support.DefaultTestContextBootstrapper]Using TestExecutionListeners: [org.springframework.test.context.web.ServletTestExecutionListener@7921b0a2, org.springframework.test.context.support.DirtiesContextBeforeModesTestExecutionListener@174d20a, org.springframework.test.context.support.DependencyInjectionTestExecutionListener@66d2e7d9, org.springframework.test.context.support.DirtiesContextTestExecutionListener@1efbd816, org.springframework.test.context.transaction.TransactionalTestExecutionListener@6a2bcfcb, org.springframework.test.context.jdbc.SqlScriptsTestExecutionListener@4de8b406]
[INFO] [2018-01-08 15:58:27][org.springframework.beans.factory.xml.XmlBeanDefinitionReader]Loading XML bean definitions from class path resource [spring-mybatis.xml]
[INFO] [2018-01-08 15:58:28][org.springframework.context.support.GenericApplicationContext]Refreshing org.springframework.context.support.GenericApplicationContext@4883b407: startup date [Mon Jan 08 15:58:28 CST 2018]; root of context hierarchy
[INFO] [2018-01-08 15:58:28][com.alibaba.druid.pool.DruidDataSource]{dataSource-1} inited
[INFO] [2018-01-08 15:58:30][org.springframework.context.support.GenericApplicationContext]Closing org.springframework.context.support.GenericApplicationContext@4883b407: startup date [Mon Jan 08 15:58:28 CST 2018]; root of context hierarchy
[INFO] [2018-01-08 15:58:30][com.alibaba.druid.pool.DruidDataSource]{dataSource-1} closed
[INFO] [2018-01-22 14:45:21][org.springframework.test.context.support.DefaultTestContextBootstrapper]Loaded default TestExecutionListener class names from location [META-INF/spring.factories]: [org.springframework.test.context.web.ServletTestExecutionListener, org.springframework.test.context.support.DirtiesContextBeforeModesTestExecutionListener, org.springframework.test.context.support.DependencyInjectionTestExecutionListener, org.springframework.test.context.support.DirtiesContextTestExecutionListener, org.springframework.test.context.transaction.TransactionalTestExecutionListener, org.springframework.test.context.jdbc.SqlScriptsTestExecutionListener]
[INFO] [2018-01-22 14:45:21][org.springframework.test.context.support.DefaultTestContextBootstrapper]Using TestExecutionListeners: [org.springframework.test.context.web.ServletTestExecutionListener@2286778, org.springframework.test.context.support.DirtiesContextBeforeModesTestExecutionListener@4e9ba398, org.springframework.test.context.support.DependencyInjectionTestExecutionListener@6d7b4f4c, org.springframework.test.context.support.DirtiesContextTestExecutionListener@527740a2, org.springframework.test.context.transaction.TransactionalTestExecutionListener@13a5fe33, org.springframework.test.context.jdbc.SqlScriptsTestExecutionListener@3108bc]
[INFO] [2018-01-22 14:45:21][org.springframework.beans.factory.xml.XmlBeanDefinitionReader]Loading XML bean definitions from class path resource [applicationContext.xml]
[INFO] [2018-01-22 14:45:21][org.springframework.beans.factory.xml.XmlBeanDefinitionReader]Loading XML bean definitions from class path resource [spring-mybatis.xml]
[INFO] [2018-01-22 14:45:22][org.springframework.beans.factory.xml.XmlBeanDefinitionReader]Loading XML bean definitions from class path resource [spring-redis.xml]
[INFO] [2018-01-22 14:45:22][org.springframework.context.support.GenericApplicationContext]Refreshing org.springframework.context.support.GenericApplicationContext@5a1c0542: startup date [Mon Jan 22 14:45:22 CST 2018]; root of context hierarchy
[INFO] [2018-01-22 14:45:23][com.alibaba.druid.pool.DruidDataSource]{dataSource-1} inited
[INFO] [2018-01-22 14:45:24][com.stanley.test.TestMyBatis]白虎神皇xdp
[INFO] [2018-01-22 14:45:24][org.springframework.context.support.GenericApplicationContext]Closing org.springframework.context.support.GenericApplicationContext@5a1c0542: startup date [Mon Jan 22 14:45:22 CST 2018]; root of context hierarchy
[INFO] [2018-01-22 14:45:24][com.alibaba.druid.pool.DruidDataSource]{dataSource-1} closed
[INFO] [2018-01-22 14:45:43][org.springframework.test.context.support.DefaultTestContextBootstrapper]Loaded default TestExecutionListener class names from location [META-INF/spring.factories]: [org.springframework.test.context.web.ServletTestExecutionListener, org.springframework.test.context.support.DirtiesContextBeforeModesTestExecutionListener, org.springframework.test.context.support.DependencyInjectionTestExecutionListener, org.springframework.test.context.support.DirtiesContextTestExecutionListener, org.springframework.test.context.transaction.TransactionalTestExecutionListener, org.springframework.test.context.jdbc.SqlScriptsTestExecutionListener]
[INFO] [2018-01-22 14:45:43][org.springframework.test.context.support.DefaultTestContextBootstrapper]Using TestExecutionListeners: [org.springframework.test.context.web.ServletTestExecutionListener@4e9ba398, org.springframework.test.context.support.DirtiesContextBeforeModesTestExecutionListener@6d7b4f4c, org.springframework.test.context.support.DependencyInjectionTestExecutionListener@527740a2, org.springframework.test.context.support.DirtiesContextTestExecutionListener@13a5fe33, org.springframework.test.context.transaction.TransactionalTestExecutionListener@3108bc, org.springframework.test.context.jdbc.SqlScriptsTestExecutionListener@370736d9]
[INFO] [2018-01-22 14:45:43][org.springframework.beans.factory.xml.XmlBeanDefinitionReader]Loading XML bean definitions from class path resource [applicationContext.xml]
[INFO] [2018-01-22 14:45:43][org.springframework.beans.factory.xml.XmlBeanDefinitionReader]Loading XML bean definitions from class path resource [spring-mybatis.xml]
[INFO] [2018-01-22 14:45:44][org.springframework.beans.factory.xml.XmlBeanDefinitionReader]Loading XML bean definitions from class path resource [spring-redis.xml]
[INFO] [2018-01-22 14:45:44][org.springframework.context.support.GenericApplicationContext]Refreshing org.springframework.context.support.GenericApplicationContext@396f6598: startup date [Mon Jan 22 14:45:44 CST 2018]; root of context hierarchy
[INFO] [2018-01-22 14:45:45][com.alibaba.druid.pool.DruidDataSource]{dataSource-1} inited
[INFO] [2018-01-22 14:45:46][org.springframework.context.support.GenericApplicationContext]Closing org.springframework.context.support.GenericApplicationContext@396f6598: startup date [Mon Jan 22 14:45:44 CST 2018]; root of context hierarchy
[INFO] [2018-01-22 14:45:46][com.alibaba.druid.pool.DruidDataSource]{dataSource-1} closed
[INFO] [2018-01-22 14:46:06][org.springframework.context.support.ClassPathXmlApplicationContext]Refreshing org.springframework.context.support.ClassPathXmlApplicationContext@4909b8da: startup date [Mon Jan 22 14:46:06 CST 2018]; root of context hierarchy
[INFO] [2018-01-22 14:46:06][org.springframework.beans.factory.xml.XmlBeanDefinitionReader]Loading XML bean definitions from class path resource [applicationContext.xml]
[INFO] [2018-01-22 14:46:06][org.springframework.beans.factory.xml.XmlBeanDefinitionReader]Loading XML bean definitions from class path resource [spring-mybatis.xml]
[INFO] [2018-01-22 14:46:06][org.springframework.beans.factory.xml.XmlBeanDefinitionReader]Loading XML bean definitions from class path resource [spring-redis.xml]
[INFO] [2018-01-22 14:46:07][com.alibaba.druid.pool.DruidDataSource]{dataSource-1} inited
[INFO] [2018-01-31 09:02:48][org.springframework.test.context.support.DefaultTestContextBootstrapper]Loaded default TestExecutionListener class names from location [META-INF/spring.factories]: [org.springframework.test.context.web.ServletTestExecutionListener, org.springframework.test.context.support.DirtiesContextBeforeModesTestExecutionListener, org.springframework.test.context.support.DependencyInjectionTestExecutionListener, org.springframework.test.context.support.DirtiesContextTestExecutionListener, org.springframework.test.context.transaction.TransactionalTestExecutionListener, org.springframework.test.context.jdbc.SqlScriptsTestExecutionListener]
[INFO] [2018-01-31 09:02:48][org.springframework.test.context.support.DefaultTestContextBootstrapper]Using TestExecutionListeners: [org.springframework.test.context.web.ServletTestExecutionListener@3108bc, org.springframework.test.context.support.DirtiesContextBeforeModesTestExecutionListener@370736d9, org.springframework.test.context.support.DependencyInjectionTestExecutionListener@5f9d02cb, org.springframework.test.context.support.DirtiesContextTestExecutionListener@63753b6d, org.springframework.test.context.transaction.TransactionalTestExecutionListener@6b09bb57, org.springframework.test.context.jdbc.SqlScriptsTestExecutionListener@6536e911]
[INFO] [2018-01-31 09:02:48][org.springframework.beans.factory.xml.XmlBeanDefinitionReader]Loading XML bean definitions from class path resource [applicationContext.xml]
[INFO] [2018-01-31 09:02:48][org.springframework.beans.factory.xml.XmlBeanDefinitionReader]Loading XML bean definitions from class path resource [spring-mybatis.xml]
[INFO] [2018-01-31 09:02:49][org.springframework.beans.factory.xml.XmlBeanDefinitionReader]Loading XML bean definitions from class path resource [spring-redis.xml]
[INFO] [2018-01-31 09:02:49][org.springframework.context.support.GenericApplicationContext]Refreshing org.springframework.context.support.GenericApplicationContext@5f282abb: startup date [Wed Jan 31 09:02:49 CST 2018]; root of context hierarchy
[INFO] [2018-01-31 09:02:49][org.springframework.context.annotation.ConfigurationClassBeanDefinitionReader]Skipping bean definition for [BeanMethod:name=redisTemplate,declaringClass=com.stanley.redis.RedisCacheConfig]: a definition for bean 'redisTemplate' already exists. This top-level bean definition is considered as an override.
[INFO] [2018-01-31 09:02:50][com.alibaba.druid.pool.DruidDataSource]{dataSource-1} inited
[INFO] [2018-01-31 09:02:52][org.springframework.context.support.GenericApplicationContext]Closing org.springframework.context.support.GenericApplicationContext@5f282abb: startup date [Wed Jan 31 09:02:49 CST 2018]; root of context hierarchy
[INFO] [2018-01-31 09:02:52][com.alibaba.druid.pool.DruidDataSource]{dataSource-1} closed
[INFO] [2018-01-31 10:00:53][org.springframework.test.context.support.DefaultTestContextBootstrapper]Loaded default TestExecutionListener class names from location [META-INF/spring.factories]: [org.springframework.test.context.web.ServletTestExecutionListener, org.springframework.test.context.support.DirtiesContextBeforeModesTestExecutionListener, org.springframework.test.context.support.DependencyInjectionTestExecutionListener, org.springframework.test.context.support.DirtiesContextTestExecutionListener, org.springframework.test.context.transaction.TransactionalTestExecutionListener, org.springframework.test.context.jdbc.SqlScriptsTestExecutionListener]
[INFO] [2018-01-31 10:00:53][org.springframework.test.context.support.DefaultTestContextBootstrapper]Using TestExecutionListeners: [org.springframework.test.context.web.ServletTestExecutionListener@3108bc, org.springframework.test.context.support.DirtiesContextBeforeModesTestExecutionListener@370736d9, org.springframework.test.context.support.DependencyInjectionTestExecutionListener@5f9d02cb, org.springframework.test.context.support.DirtiesContextTestExecutionListener@63753b6d, org.springframework.test.context.transaction.TransactionalTestExecutionListener@6b09bb57, org.springframework.test.context.jdbc.SqlScriptsTestExecutionListener@6536e911]
[INFO] [2018-01-31 10:00:53][org.springframework.beans.factory.xml.XmlBeanDefinitionReader]Loading XML bean definitions from class path resource [applicationContext.xml]
[INFO] [2018-01-31 10:00:53][org.springframework.beans.factory.xml.XmlBeanDefinitionReader]Loading XML bean definitions from class path resource [spring-mybatis.xml]
[INFO] [2018-01-31 10:00:54][org.springframework.beans.factory.xml.XmlBeanDefinitionReader]Loading XML bean definitions from class path resource [spring-redis.xml]
[INFO] [2018-01-31 10:00:54][org.springframework.context.support.GenericApplicationContext]Refreshing org.springframework.context.support.GenericApplicationContext@5f282abb: startup date [Wed Jan 31 10:00:54 CST 2018]; root of context hierarchy
[INFO] [2018-01-31 10:00:54][org.springframework.context.annotation.ConfigurationClassBeanDefinitionReader]Skipping bean definition for [BeanMethod:name=redisTemplate,declaringClass=com.stanley.redis.RedisCacheConfig]: a definition for bean 'redisTemplate' already exists. This top-level bean definition is considered as an override.
[INFO] [2018-01-31 10:00:55][com.alibaba.druid.pool.DruidDataSource]{dataSource-1} inited
[INFO] [2018-01-31 10:00:57][org.springframework.context.support.GenericApplicationContext]Closing org.springframework.context.support.GenericApplicationContext@5f282abb: startup date [Wed Jan 31 10:00:54 CST 2018]; root of context hierarchy
[INFO] [2018-01-31 10:00:57][com.alibaba.druid.pool.DruidDataSource]{dataSource-1} closed
[INFO] [2018-01-31 10:07:21][org.springframework.test.context.support.DefaultTestContextBootstrapper]Loaded default TestExecutionListener class names from location [META-INF/spring.factories]: [org.springframework.test.context.web.ServletTestExecutionListener, org.springframework.test.context.support.DirtiesContextBeforeModesTestExecutionListener, org.springframework.test.context.support.DependencyInjectionTestExecutionListener, org.springframework.test.context.support.DirtiesContextTestExecutionListener, org.springframework.test.context.transaction.TransactionalTestExecutionListener, org.springframework.test.context.jdbc.SqlScriptsTestExecutionListener]
[INFO] [2018-01-31 10:07:21][org.springframework.test.context.support.DefaultTestContextBootstrapper]Using TestExecutionListeners: [org.springframework.test.context.web.ServletTestExecutionListener@3108bc, org.springframework.test.context.support.DirtiesContextBeforeModesTestExecutionListener@370736d9, org.springframework.test.context.support.DependencyInjectionTestExecutionListener@5f9d02cb, org.springframework.test.context.support.DirtiesContextTestExecutionListener@63753b6d, org.springframework.test.context.transaction.TransactionalTestExecutionListener@6b09bb57, org.springframework.test.context.jdbc.SqlScriptsTestExecutionListener@6536e911]
[INFO] [2018-01-31 10:07:21][org.springframework.beans.factory.xml.XmlBeanDefinitionReader]Loading XML bean definitions from class path resource [applicationContext.xml]
[INFO] [2018-01-31 10:07:21][org.springframework.beans.factory.xml.XmlBeanDefinitionReader]Loading XML bean definitions from class path resource [spring-mybatis.xml]
[INFO] [2018-01-31 10:07:22][org.springframework.beans.factory.xml.XmlBeanDefinitionReader]Loading XML bean definitions from class path resource [spring-redis.xml]
[INFO] [2018-01-31 10:07:22][org.springframework.context.support.GenericApplicationContext]Refreshing org.springframework.context.support.GenericApplicationContext@5f282abb: startup date [Wed Jan 31 10:07:22 CST 2018]; root of context hierarchy
[INFO] [2018-01-31 10:07:22][org.springframework.context.annotation.ConfigurationClassBeanDefinitionReader]Skipping bean definition for [BeanMethod:name=redisTemplate,declaringClass=com.stanley.redis.RedisCacheConfig]: a definition for bean 'redisTemplate' already exists. This top-level bean definition is considered as an override.
[INFO] [2018-01-31 10:07:23][com.alibaba.druid.pool.DruidDataSource]{dataSource-1} inited
[INFO] [2018-01-31 10:07:25][org.springframework.context.support.GenericApplicationContext]Closing org.springframework.context.support.GenericApplicationContext@5f282abb: startup date [Wed Jan 31 10:07:22 CST 2018]; root of context hierarchy
[INFO] [2018-01-31 10:07:25][com.alibaba.druid.pool.DruidDataSource]{dataSource-1} closed
[INFO] [2018-01-31 10:12:33][org.springframework.test.context.support.DefaultTestContextBootstrapper]Loaded default TestExecutionListener class names from location [META-INF/spring.factories]: [org.springframework.test.context.web.ServletTestExecutionListener, org.springframework.test.context.support.DirtiesContextBeforeModesTestExecutionListener, org.springframework.test.context.support.DependencyInjectionTestExecutionListener, org.springframework.test.context.support.DirtiesContextTestExecutionListener, org.springframework.test.context.transaction.TransactionalTestExecutionListener, org.springframework.test.context.jdbc.SqlScriptsTestExecutionListener]
[INFO] [2018-01-31 10:12:33][org.springframework.test.context.support.DefaultTestContextBootstrapper]Using TestExecutionListeners: [org.springframework.test.context.web.ServletTestExecutionListener@3108bc, org.springframework.test.context.support.DirtiesContextBeforeModesTestExecutionListener@370736d9, org.springframework.test.context.support.DependencyInjectionTestExecutionListener@5f9d02cb, org.springframework.test.context.support.DirtiesContextTestExecutionListener@63753b6d, org.springframework.test.context.transaction.TransactionalTestExecutionListener@6b09bb57, org.springframework.test.context.jdbc.SqlScriptsTestExecutionListener@6536e911]
[INFO] [2018-01-31 10:12:33][org.springframework.beans.factory.xml.XmlBeanDefinitionReader]Loading XML bean definitions from class path resource [applicationContext.xml]
[INFO] [2018-01-31 10:12:33][org.springframework.beans.factory.xml.XmlBeanDefinitionReader]Loading XML bean definitions from class path resource [spring-mybatis.xml]
[INFO] [2018-01-31 10:12:33][org.springframework.beans.factory.xml.XmlBeanDefinitionReader]Loading XML bean definitions from class path resource [spring-redis.xml]
[INFO] [2018-01-31 10:12:33][org.springframework.context.support.GenericApplicationContext]Refreshing org.springframework.context.support.GenericApplicationContext@5f282abb: startup date [Wed Jan 31 10:12:33 CST 2018]; root of context hierarchy
[INFO] [2018-01-31 10:12:33][org.springframework.context.annotation.ConfigurationClassBeanDefinitionReader]Skipping bean definition for [BeanMethod:name=redisTemplate,declaringClass=com.stanley.redis.RedisCacheConfig]: a definition for bean 'redisTemplate' already exists. This top-level bean definition is considered as an override.
[INFO] [2018-01-31 10:12:34][com.alibaba.druid.pool.DruidDataSource]{dataSource-1} inited
[INFO] [2018-01-31 10:12:36][org.springframework.context.support.GenericApplicationContext]Closing org.springframework.context.support.GenericApplicationContext@5f282abb: startup date [Wed Jan 31 10:12:33 CST 2018]; root of context hierarchy
[INFO] [2018-01-31 10:12:36][com.alibaba.druid.pool.DruidDataSource]{dataSource-1} closed
[INFO] [2018-01-31 10:28:36][org.springframework.test.context.support.DefaultTestContextBootstrapper]Loaded default TestExecutionListener class names from location [META-INF/spring.factories]: [org.springframework.test.context.web.ServletTestExecutionListener, org.springframework.test.context.support.DirtiesContextBeforeModesTestExecutionListener, org.springframework.test.context.support.DependencyInjectionTestExecutionListener, org.springframework.test.context.support.DirtiesContextTestExecutionListener, org.springframework.test.context.transaction.TransactionalTestExecutionListener, org.springframework.test.context.jdbc.SqlScriptsTestExecutionListener]
[INFO] [2018-01-31 10:28:36][org.springframework.test.context.support.DefaultTestContextBootstrapper]Using TestExecutionListeners: [org.springframework.test.context.web.ServletTestExecutionListener@3c0ecd4b, org.springframework.test.context.support.DirtiesContextBeforeModesTestExecutionListener@14bf9759, org.springframework.test.context.support.DependencyInjectionTestExecutionListener@5f341870, org.springframework.test.context.support.DirtiesContextTestExecutionListener@553f17c, org.springframework.test.context.transaction.TransactionalTestExecutionListener@4f7d0008, org.springframework.test.context.jdbc.SqlScriptsTestExecutionListener@271053e1]
[INFO] [2018-01-31 10:28:36][org.springframework.beans.factory.xml.XmlBeanDefinitionReader]Loading XML bean definitions from class path resource [applicationContext.xml]
[INFO] [2018-01-31 10:28:36][org.springframework.beans.factory.xml.XmlBeanDefinitionReader]Loading XML bean definitions from class path resource [spring-mybatis.xml]
[INFO] [2018-01-31 10:28:36][org.springframework.beans.factory.xml.XmlBeanDefinitionReader]Loading XML bean definitions from class path resource [spring-redis.xml]
[INFO] [2018-01-31 10:28:36][org.springframework.context.support.GenericApplicationContext]Refreshing org.springframework.context.support.GenericApplicationContext@3a5ed7a6: startup date [Wed Jan 31 10:28:36 CST 2018]; root of context hierarchy
[INFO] [2018-01-31 10:28:36][org.springframework.context.annotation.ConfigurationClassBeanDefinitionReader]Skipping bean definition for [BeanMethod:name=redisTemplate,declaringClass=com.stanley.redis.RedisCacheConfig]: a definition for bean 'redisTemplate' already exists. This top-level bean definition is considered as an override.
[INFO] [2018-01-31 10:28:37][com.alibaba.druid.pool.DruidDataSource]{dataSource-1} inited
[INFO] [2018-01-31 10:28:38][org.springframework.context.support.GenericApplicationContext]Closing org.springframework.context.support.GenericApplicationContext@3a5ed7a6: startup date [Wed Jan 31 10:28:36 CST 2018]; root of context hierarchy
[INFO] [2018-01-31 10:28:38][com.alibaba.druid.pool.DruidDataSource]{dataSource-1} closed
[INFO] [2018-01-31 10:28:51][org.springframework.test.context.support.DefaultTestContextBootstrapper]Loaded default TestExecutionListener class names from location [META-INF/spring.factories]: [org.springframework.test.context.web.ServletTestExecutionListener, org.springframework.test.context.support.DirtiesContextBeforeModesTestExecutionListener, org.springframework.test.context.support.DependencyInjectionTestExecutionListener, org.springframework.test.context.support.DirtiesContextTestExecutionListener, org.springframework.test.context.transaction.TransactionalTestExecutionListener, org.springframework.test.context.jdbc.SqlScriptsTestExecutionListener]
[INFO] [2018-01-31 10:28:51][org.springframework.test.context.support.DefaultTestContextBootstrapper]Using TestExecutionListeners: [org.springframework.test.context.web.ServletTestExecutionListener@3c0ecd4b, org.springframework.test.context.support.DirtiesContextBeforeModesTestExecutionListener@14bf9759, org.springframework.test.context.support.DependencyInjectionTestExecutionListener@5f341870, org.springframework.test.context.support.DirtiesContextTestExecutionListener@553f17c, org.springframework.test.context.transaction.TransactionalTestExecutionListener@4f7d0008, org.springframework.test.context.jdbc.SqlScriptsTestExecutionListener@271053e1]
[INFO] [2018-01-31 10:28:51][org.springframework.beans.factory.xml.XmlBeanDefinitionReader]Loading XML bean definitions from class path resource [applicationContext.xml]
[INFO] [2018-01-31 10:28:51][org.springframework.beans.factory.xml.XmlBeanDefinitionReader]Loading XML bean definitions from class path resource [spring-mybatis.xml]
[INFO] [2018-01-31 10:28:51][org.springframework.beans.factory.xml.XmlBeanDefinitionReader]Loading XML bean definitions from class path resource [spring-redis.xml]
[INFO] [2018-01-31 10:28:52][org.springframework.context.support.GenericApplicationContext]Refreshing org.springframework.context.support.GenericApplicationContext@3a5ed7a6: startup date [Wed Jan 31 10:28:52 CST 2018]; root of context hierarchy
[INFO] [2018-01-31 10:28:52][org.springframework.context.annotation.ConfigurationClassBeanDefinitionReader]Skipping bean definition for [BeanMethod:name=redisTemplate,declaringClass=com.stanley.redis.RedisCacheConfig]: a definition for bean 'redisTemplate' already exists. This top-level bean definition is considered as an override.
[INFO] [2018-01-31 10:28:53][com.alibaba.druid.pool.DruidDataSource]{dataSource-1} inited
[INFO] [2018-01-31 10:28:54][org.springframework.context.support.GenericApplicationContext]Closing org.springframework.context.support.GenericApplicationContext@3a5ed7a6: startup date [Wed Jan 31 10:28:52 CST 2018]; root of context hierarchy
[INFO] [2018-01-31 10:28:54][com.alibaba.druid.pool.DruidDataSource]{dataSource-1} closed
[INFO] [2018-01-31 11:22:58][org.springframework.test.context.support.DefaultTestContextBootstrapper]Loaded default TestExecutionListener class names from location [META-INF/spring.factories]: [org.springframework.test.context.web.ServletTestExecutionListener, org.springframework.test.context.support.DirtiesContextBeforeModesTestExecutionListener, org.springframework.test.context.support.DependencyInjectionTestExecutionListener, org.springframework.test.context.support.DirtiesContextTestExecutionListener, org.springframework.test.context.transaction.TransactionalTestExecutionListener, org.springframework.test.context.jdbc.SqlScriptsTestExecutionListener]
[INFO] [2018-01-31 11:22:58][org.springframework.test.context.support.DefaultTestContextBootstrapper]Using TestExecutionListeners: [org.springframework.test.context.web.ServletTestExecutionListener@3c0ecd4b, org.springframework.test.context.support.DirtiesContextBeforeModesTestExecutionListener@14bf9759, org.springframework.test.context.support.DependencyInjectionTestExecutionListener@5f341870, org.springframework.test.context.support.DirtiesContextTestExecutionListener@553f17c, org.springframework.test.context.transaction.TransactionalTestExecutionListener@4f7d0008, org.springframework.test.context.jdbc.SqlScriptsTestExecutionListener@271053e1]
[INFO] [2018-01-31 11:22:59][org.springframework.beans.factory.xml.XmlBeanDefinitionReader]Loading XML bean definitions from class path resource [applicationContext.xml]
[INFO] [2018-01-31 11:22:59][org.springframework.beans.factory.xml.XmlBeanDefinitionReader]Loading XML bean definitions from class path resource [spring-mybatis.xml]
[INFO] [2018-01-31 11:22:59][org.springframework.beans.factory.xml.XmlBeanDefinitionReader]Loading XML bean definitions from class path resource [spring-redis.xml]
[INFO] [2018-01-31 11:22:59][org.springframework.context.support.GenericApplicationContext]Refreshing org.springframework.context.support.GenericApplicationContext@3a5ed7a6: startup date [Wed Jan 31 11:22:59 CST 2018]; root of context hierarchy
[INFO] [2018-01-31 11:22:59][org.springframework.context.annotation.ConfigurationClassBeanDefinitionReader]Skipping bean definition for [BeanMethod:name=redisTemplate,declaringClass=com.stanley.redis.RedisCacheConfig]: a definition for bean 'redisTemplate' already exists. This top-level bean definition is considered as an override.
[INFO] [2018-01-31 11:23:00][com.alibaba.druid.pool.DruidDataSource]{dataSource-1} inited
[INFO] [2018-01-31 11:23:01][org.junit.Test]查询用户
[INFO] [2018-01-31 11:23:01][org.springframework.context.support.GenericApplicationContext]Closing org.springframework.context.support.GenericApplicationContext@3a5ed7a6: startup date [Wed Jan 31 11:22:59 CST 2018]; root of context hierarchy
[INFO] [2018-01-31 11:23:01][com.alibaba.druid.pool.DruidDataSource]{dataSource-1} closed
[INFO] [2018-01-31 11:23:26][org.springframework.test.context.support.DefaultTestContextBootstrapper]Loaded default TestExecutionListener class names from location [META-INF/spring.factories]: [org.springframework.test.context.web.ServletTestExecutionListener, org.springframework.test.context.support.DirtiesContextBeforeModesTestExecutionListener, org.springframework.test.context.support.DependencyInjectionTestExecutionListener, org.springframework.test.context.support.DirtiesContextTestExecutionListener, org.springframework.test.context.transaction.TransactionalTestExecutionListener, org.springframework.test.context.jdbc.SqlScriptsTestExecutionListener]
[INFO] [2018-01-31 11:23:26][org.springframework.test.context.support.DefaultTestContextBootstrapper]Using TestExecutionListeners: [org.springframework.test.context.web.ServletTestExecutionListener@3c0ecd4b, org.springframework.test.context.support.DirtiesContextBeforeModesTestExecutionListener@14bf9759, org.springframework.test.context.support.DependencyInjectionTestExecutionListener@5f341870, org.springframework.test.context.support.DirtiesContextTestExecutionListener@553f17c, org.springframework.test.context.transaction.TransactionalTestExecutionListener@4f7d0008, org.springframework.test.context.jdbc.SqlScriptsTestExecutionListener@271053e1]
[INFO] [2018-01-31 11:23:26][org.springframework.beans.factory.xml.XmlBeanDefinitionReader]Loading XML bean definitions from class path resource [applicationContext.xml]
[INFO] [2018-01-31 11:23:26][org.springframework.beans.factory.xml.XmlBeanDefinitionReader]Loading XML bean definitions from class path resource [spring-mybatis.xml]
[INFO] [2018-01-31 11:23:26][org.springframework.beans.factory.xml.XmlBeanDefinitionReader]Loading XML bean definitions from class path resource [spring-redis.xml]
[INFO] [2018-01-31 11:23:27][org.springframework.context.support.GenericApplicationContext]Refreshing org.springframework.context.support.GenericApplicationContext@3a5ed7a6: startup date [Wed Jan 31 11:23:27 CST 2018]; root of context hierarchy
[INFO] [2018-01-31 11:23:27][org.springframework.context.annotation.ConfigurationClassBeanDefinitionReader]Skipping bean definition for [BeanMethod:name=redisTemplate,declaringClass=com.stanley.redis.RedisCacheConfig]: a definition for bean 'redisTemplate' already exists. This top-level bean definition is considered as an override.
[INFO] [2018-01-31 11:23:28][com.alibaba.druid.pool.DruidDataSource]{dataSource-1} inited
[INFO] [2018-01-31 11:23:29][org.junit.Test]这只是个测试！
[INFO] [2018-01-31 11:23:30][org.springframework.context.support.GenericApplicationContext]Closing org.springframework.context.support.GenericApplicationContext@3a5ed7a6: startup date [Wed Jan 31 11:23:27 CST 2018]; root of context hierarchy
[INFO] [2018-01-31 11:23:30][com.alibaba.druid.pool.DruidDataSource]{dataSource-1} closed
[INFO] [2018-01-31 11:25:12][org.springframework.test.context.support.DefaultTestContextBootstrapper]Loaded default TestExecutionListener class names from location [META-INF/spring.factories]: [org.springframework.test.context.web.ServletTestExecutionListener, org.springframework.test.context.support.DirtiesContextBeforeModesTestExecutionListener, org.springframework.test.context.support.DependencyInjectionTestExecutionListener, org.springframework.test.context.support.DirtiesContextTestExecutionListener, org.springframework.test.context.transaction.TransactionalTestExecutionListener, org.springframework.test.context.jdbc.SqlScriptsTestExecutionListener]
[INFO] [2018-01-31 11:25:12][org.springframework.test.context.support.DefaultTestContextBootstrapper]Using TestExecutionListeners: [org.springframework.test.context.web.ServletTestExecutionListener@3c0ecd4b, org.springframework.test.context.support.DirtiesContextBeforeModesTestExecutionListener@14bf9759, org.springframework.test.context.support.DependencyInjectionTestExecutionListener@5f341870, org.springframework.test.context.support.DirtiesContextTestExecutionListener@553f17c, org.springframework.test.context.transaction.TransactionalTestExecutionListener@4f7d0008, org.springframework.test.context.jdbc.SqlScriptsTestExecutionListener@271053e1]
[INFO] [2018-01-31 11:25:12][org.springframework.beans.factory.xml.XmlBeanDefinitionReader]Loading XML bean definitions from class path resource [applicationContext.xml]
[INFO] [2018-01-31 11:25:12][org.springframework.beans.factory.xml.XmlBeanDefinitionReader]Loading XML bean definitions from class path resource [spring-mybatis.xml]
[INFO] [2018-01-31 11:25:12][org.springframework.beans.factory.xml.XmlBeanDefinitionReader]Loading XML bean definitions from class path resource [spring-redis.xml]
[INFO] [2018-01-31 11:25:12][org.springframework.context.support.GenericApplicationContext]Refreshing org.springframework.context.support.GenericApplicationContext@3a5ed7a6: startup date [Wed Jan 31 11:25:12 CST 2018]; root of context hierarchy
[INFO] [2018-01-31 11:25:13][org.springframework.context.annotation.ConfigurationClassBeanDefinitionReader]Skipping bean definition for [BeanMethod:name=redisTemplate,declaringClass=com.stanley.redis.RedisCacheConfig]: a definition for bean 'redisTemplate' already exists. This top-level bean definition is considered as an override.
[INFO] [2018-01-31 11:25:14][com.alibaba.druid.pool.DruidDataSource]{dataSource-1} inited
[INFO] [2018-01-31 11:25:14][com.stanley.test.MyBatisTestBySpringTestFramework]查询用户
[INFO] [2018-01-31 11:25:15][org.springframework.context.support.GenericApplicationContext]Closing org.springframework.context.support.GenericApplicationContext@3a5ed7a6: startup date [Wed Jan 31 11:25:12 CST 2018]; root of context hierarchy
[INFO] [2018-01-31 11:25:15][com.alibaba.druid.pool.DruidDataSource]{dataSource-1} closed
